Cache sync 1 at Wed Jul 15 18:09:49 UTC 2026
Cache sync 2 at Wed Jul 15 18:09:49 UTC 2026
Cache sync 3 at Wed Jul 15 18:09:49 UTC 2026
Cache sync 4 at Wed Jul 15 18:09:49 UTC 2026
Cache sync 5 at Wed Jul 15 18:09:49 UTC 2026
Cache sync 6 at Wed Jul 15 18:09:49 UTC 2026
Cache sync 7 at Wed Jul 15 18:09:49 UTC 2026
Cache sync 8 at Wed Jul 15 18:09:49 UTC 2026
Cache sync 9 at Wed Jul 15 18:09:49 UTC 2026
Cache sync 10 at Wed Jul 15 18:09:49 UTC 2026
Cache sync 11 at Wed Jul 15 18:09:49 UTC 2026
Cache sync 1 at Thu Jul 16 18:08:20 UTC 2026
Cache sync 2 at Thu Jul 16 18:08:20 UTC 2026
Cache sync 3 at Thu Jul 16 18:08:20 UTC 2026
Cache sync 4 at Thu Jul 16 18:08:20 UTC 2026
Cache sync 5 at Thu Jul 16 18:08:20 UTC 2026
Cache sync 6 at Thu Jul 16 18:08:20 UTC 2026
Cache sync 7 at Thu Jul 16 18:08:20 UTC 2026
Cache sync 8 at Thu Jul 16 18:08:20 UTC 2026
Cache sync 9 at Thu Jul 16 18:08:20 UTC 2026
Cache sync 10 at Thu Jul 16 18:08:20 UTC 2026
Cache sync 11 at Thu Jul 16 18:08:20 UTC 2026
Cache sync 12 at Thu Jul 16 18:08:20 UTC 2026
Cache sync 13 at Thu Jul 16 18:08:20 UTC 2026
Cache sync 14 at Thu Jul 16 18:08:20 UTC 2026
Cache sync 15 at Thu Jul 16 18:08:20 UTC 2026
Cache sync 16 at Thu Jul 16 18:08:20 UTC 2026
Cache sync 17 at Thu Jul 16 18:08:20 UTC 2026
Cache sync 18 at Thu Jul 16 18:08:20 UTC 2026
Cache sync 19 at Thu Jul 16 18:08:20 UTC 2026
Cache sync 20 at Thu Jul 16 18:08:20 UTC 2026
Cache sync 21 at Thu Jul 16 18:08:20 UTC 2026
Cache sync 22 at Thu Jul 16 18:08:20 UTC 2026
Cache sync 23 at Thu Jul 16 18:08:20 UTC 2026
Cache sync 24 at Thu Jul 16 18:08:20 UTC 2026
Cache sync 25 at Thu Jul 16 18:08:20 UTC 2026
Cache sync 26 at Thu Jul 16 18:08:20 UTC 2026
Cache sync 27 at Thu Jul 16 18:08:20 UTC 2026
Cache sync 28 at Thu Jul 16 18:08:20 UTC 2026
Cache sync 29 at Thu Jul 16 18:08:20 UTC 2026
Cache sync 30 at Thu Jul 16 18:08:20 UTC 2026
Cache sync 31 at Thu Jul 16 18:08:20 UTC 2026
Cache sync 32 at Thu Jul 16 18:08:20 UTC 2026
Cache sync 33 at Thu Jul 16 18:08:20 UTC 2026
Cache sync 34 at Thu Jul 16 18:08:20 UTC 2026
Cache sync 35 at Thu Jul 16 18:08:20 UTC 2026
Cache sync 36 at Thu Jul 16 18:08:20 UTC 2026
Cache sync 37 at Thu Jul 16 18:08:20 UTC 2026
Cache sync 38 at Thu Jul 16 18:08:20 UTC 2026
Cache sync 39 at Thu Jul 16 18:08:20 UTC 2026
Cache sync 40 at Thu Jul 16 18:08:20 UTC 2026
Cache sync 41 at Thu Jul 16 18:08:20 UTC 2026
Cache sync 42 at Thu Jul 16 18:08:20 UTC 2026
Cache sync 43 at Thu Jul 16 18:08:20 UTC 2026
Cache sync 44 at Thu Jul 16 18:08:20 UTC 2026
Cache sync 45 at Thu Jul 16 18:08:20 UTC 2026
Cache sync 46 at Thu Jul 16 18:08:20 UTC 2026
Cache sync 47 at Thu Jul 16 18:08:20 UTC 2026
Cache sync 48 at Thu Jul 16 18:08:20 UTC 2026
Cache sync 49 at Thu Jul 16 18:08:20 UTC 2026
Cache sync 50 at Thu Jul 16 18:08:20 UTC 2026
Cache sync 51 at Thu Jul 16 18:08:20 UTC 2026
Cache sync 52 at Thu Jul 16 18:08:20 UTC 2026
Cache sync 53 at Thu Jul 16 18:08:20 UTC 2026
Cache sync 54 at Thu Jul 16 18:08:20 UTC 2026
Cache sync 55 at Thu Jul 16 18:08:20 UTC 2026
Cache sync 56 at Thu Jul 16 18:08:21 UTC 2026
Cache sync 57 at Thu Jul 16 18:08:21 UTC 2026
Cache sync 58 at Thu Jul 16 18:08:21 UTC 2026
Cache sync 59 at Thu Jul 16 18:08:21 UTC 2026
Cache sync 60 at Thu Jul 16 18:08:21 UTC 2026
Cache sync 61 at Thu Jul 16 18:08:21 UTC 2026
Cache sync 62 at Thu Jul 16 18:08:21 UTC 2026
Cache sync 63 at Thu Jul 16 18:08:21 UTC 2026
Cache sync 64 at Thu Jul 16 18:08:21 UTC 2026
Cache sync 65 at Thu Jul 16 18:08:21 UTC 2026
Cache sync 66 at Thu Jul 16 18:08:21 UTC 2026
Cache sync 67 at Thu Jul 16 18:08:21 UTC 2026
Cache sync 68 at Thu Jul 16 18:08:21 UTC 2026
Cache sync 69 at Thu Jul 16 18:08:21 UTC 2026
Cache sync 70 at Thu Jul 16 18:08:21 UTC 2026
Cache sync 71 at Thu Jul 16 18:08:21 UTC 2026
Cache sync 72 at Thu Jul 16 18:08:21 UTC 2026
Cache sync 1 at Fri Jul 17 18:07:22 UTC 2026
Cache sync 2 at Fri Jul 17 18:07:22 UTC 2026
Cache sync 3 at Fri Jul 17 18:07:22 UTC 2026
Cache sync 4 at Fri Jul 17 18:07:22 UTC 2026
Cache sync 5 at Fri Jul 17 18:07:22 UTC 2026
Cache sync 6 at Fri Jul 17 18:07:22 UTC 2026
Cache sync 7 at Fri Jul 17 18:07:22 UTC 2026
Cache sync 8 at Fri Jul 17 18:07:22 UTC 2026
Cache sync 9 at Fri Jul 17 18:07:22 UTC 2026
Cache sync 10 at Fri Jul 17 18:07:22 UTC 2026
Cache sync 11 at Fri Jul 17 18:07:22 UTC 2026
Cache sync 12 at Fri Jul 17 18:07:22 UTC 2026
Cache sync 13 at Fri Jul 17 18:07:22 UTC 2026
Cache sync 14 at Fri Jul 17 18:07:22 UTC 2026
Cache sync 15 at Fri Jul 17 18:07:22 UTC 2026
Cache sync 16 at Fri Jul 17 18:07:22 UTC 2026
Cache sync 17 at Fri Jul 17 18:07:22 UTC 2026
Cache sync 18 at Fri Jul 17 18:07:22 UTC 2026
Cache sync 19 at Fri Jul 17 18:07:22 UTC 2026
Cache sync 20 at Fri Jul 17 18:07:22 UTC 2026
Cache sync 21 at Fri Jul 17 18:07:22 UTC 2026
Cache sync 22 at Fri Jul 17 18:07:22 UTC 2026
Cache sync 23 at Fri Jul 17 18:07:22 UTC 2026
Cache sync 24 at Fri Jul 17 18:07:22 UTC 2026
Cache sync 25 at Fri Jul 17 18:07:22 UTC 2026
Cache sync 26 at Fri Jul 17 18:07:22 UTC 2026
Cache sync 27 at Fri Jul 17 18:07:22 UTC 2026
Cache sync 28 at Fri Jul 17 18:07:22 UTC 2026
Cache sync 29 at Fri Jul 17 18:07:22 UTC 2026
Cache sync 30 at Fri Jul 17 18:07:22 UTC 2026
Cache sync 31 at Fri Jul 17 18:07:22 UTC 2026
Cache sync 32 at Fri Jul 17 18:07:22 UTC 2026
Cache sync 33 at Fri Jul 17 18:07:22 UTC 2026
Cache sync 34 at Fri Jul 17 18:07:22 UTC 2026
Cache sync 35 at Fri Jul 17 18:07:22 UTC 2026
Cache sync 36 at Fri Jul 17 18:07:22 UTC 2026
Cache sync 37 at Fri Jul 17 18:07:22 UTC 2026
Cache sync 38 at Fri Jul 17 18:07:22 UTC 2026
Cache sync 39 at Fri Jul 17 18:07:22 UTC 2026
Cache sync 40 at Fri Jul 17 18:07:22 UTC 2026
Cache sync 41 at Fri Jul 17 18:07:22 UTC 2026
Cache sync 42 at Fri Jul 17 18:07:22 UTC 2026
Cache sync 43 at Fri Jul 17 18:07:22 UTC 2026
Cache sync 44 at Fri Jul 17 18:07:22 UTC 2026
Cache sync 45 at Fri Jul 17 18:07:22 UTC 2026
Cache sync 1 at Sat Jul 18 17:56:40 UTC 2026
Cache sync 2 at Sat Jul 18 17:56:40 UTC 2026
Cache sync 3 at Sat Jul 18 17:56:40 UTC 2026
Cache sync 4 at Sat Jul 18 17:56:40 UTC 2026
Cache sync 1 at Mon Jul 20 18:53:54 UTC 2026
Cache sync 2 at Mon Jul 20 18:53:54 UTC 2026
Cache sync 3 at Mon Jul 20 18:53:54 UTC 2026
Cache sync 4 at Mon Jul 20 18:53:54 UTC 2026
Cache sync 5 at Mon Jul 20 18:53:54 UTC 2026
Cache sync 6 at Mon Jul 20 18:53:54 UTC 2026
Cache sync 7 at Mon Jul 20 18:53:54 UTC 2026
Cache sync 8 at Mon Jul 20 18:53:54 UTC 2026
Cache sync 9 at Mon Jul 20 18:53:54 UTC 2026
Cache sync 10 at Mon Jul 20 18:53:54 UTC 2026
Cache sync 11 at Mon Jul 20 18:53:54 UTC 2026
Cache sync 12 at Mon Jul 20 18:53:54 UTC 2026
Cache sync 13 at Mon Jul 20 18:53:55 UTC 2026
Cache sync 14 at Mon Jul 20 18:53:55 UTC 2026
Cache sync 15 at Mon Jul 20 18:53:55 UTC 2026
Cache sync 16 at Mon Jul 20 18:53:55 UTC 2026
Cache sync 17 at Mon Jul 20 18:53:55 UTC 2026
Cache sync 18 at Mon Jul 20 18:53:55 UTC 2026
Cache sync 19 at Mon Jul 20 18:53:55 UTC 2026
Cache sync 20 at Mon Jul 20 18:53:55 UTC 2026
Cache sync 21 at Mon Jul 20 18:53:55 UTC 2026
Cache sync 22 at Mon Jul 20 18:53:55 UTC 2026
Cache sync 23 at Mon Jul 20 18:53:55 UTC 2026
Cache sync 24 at Mon Jul 20 18:53:55 UTC 2026
Cache sync 25 at Mon Jul 20 18:53:55 UTC 2026
Cache sync 26 at Mon Jul 20 18:53:55 UTC 2026
Cache sync 27 at Mon Jul 20 18:53:55 UTC 2026
Cache sync 28 at Mon Jul 20 18:53:55 UTC 2026
Cache sync 29 at Mon Jul 20 18:53:55 UTC 2026
Cache sync 30 at Mon Jul 20 18:53:55 UTC 2026
Cache sync 31 at Mon Jul 20 18:53:55 UTC 2026
Cache sync 32 at Mon Jul 20 18:53:55 UTC 2026
Cache sync 33 at Mon Jul 20 18:53:55 UTC 2026
Cache sync 34 at Mon Jul 20 18:53:55 UTC 2026
Cache sync 35 at Mon Jul 20 18:53:55 UTC 2026
Cache sync 36 at Mon Jul 20 18:53:55 UTC 2026
Cache sync 37 at Mon Jul 20 18:53:55 UTC 2026
Cache sync 38 at Mon Jul 20 18:53:55 UTC 2026
Cache sync 1 at Tue Jul 21 18:16:41 UTC 2026
Cache sync 2 at Tue Jul 21 18:16:41 UTC 2026
Cache sync 3 at Tue Jul 21 18:16:41 UTC 2026
Cache sync 4 at Tue Jul 21 18:16:41 UTC 2026
Cache sync 5 at Tue Jul 21 18:16:41 UTC 2026
Cache sync 6 at Tue Jul 21 18:16:41 UTC 2026
Cache sync 7 at Tue Jul 21 18:16:41 UTC 2026
Cache sync 8 at Tue Jul 21 18:16:41 UTC 2026
Cache sync 9 at Tue Jul 21 18:16:41 UTC 2026
Cache sync 10 at Tue Jul 21 18:16:41 UTC 2026
Cache sync 11 at Tue Jul 21 18:16:41 UTC 2026
Cache sync 12 at Tue Jul 21 18:16:41 UTC 2026
Cache sync 13 at Tue Jul 21 18:16:41 UTC 2026
Cache sync 14 at Tue Jul 21 18:16:41 UTC 2026
Cache sync 15 at Tue Jul 21 18:16:41 UTC 2026
Cache sync 16 at Tue Jul 21 18:16:41 UTC 2026
Cache sync 17 at Tue Jul 21 18:16:41 UTC 2026
Cache sync 18 at Tue Jul 21 18:16:41 UTC 2026
Cache sync 19 at Tue Jul 21 18:16:41 UTC 2026
Cache sync 20 at Tue Jul 21 18:16:41 UTC 2026
Cache sync 21 at Tue Jul 21 18:16:41 UTC 2026
Cache sync 22 at Tue Jul 21 18:16:41 UTC 2026
Cache sync 23 at Tue Jul 21 18:16:41 UTC 2026
Cache sync 24 at Tue Jul 21 18:16:41 UTC 2026
Cache sync 25 at Tue Jul 21 18:16:41 UTC 2026
Cache sync 26 at Tue Jul 21 18:16:41 UTC 2026
Cache sync 27 at Tue Jul 21 18:16:41 UTC 2026
Cache sync 28 at Tue Jul 21 18:16:41 UTC 2026
Cache sync 29 at Tue Jul 21 18:16:41 UTC 2026
Cache sync 30 at Tue Jul 21 18:16:41 UTC 2026
Cache sync 31 at Tue Jul 21 18:16:41 UTC 2026
Cache sync 32 at Tue Jul 21 18:16:41 UTC 2026
Cache sync 33 at Tue Jul 21 18:16:41 UTC 2026
Cache sync 34 at Tue Jul 21 18:16:41 UTC 2026
Cache sync 35 at Tue Jul 21 18:16:41 UTC 2026
Cache sync 36 at Tue Jul 21 18:16:41 UTC 2026
Cache sync 37 at Tue Jul 21 18:16:41 UTC 2026
Cache sync 38 at Tue Jul 21 18:16:41 UTC 2026
Cache sync 39 at Tue Jul 21 18:16:41 UTC 2026
Cache sync 40 at Tue Jul 21 18:16:41 UTC 2026
Cache sync 41 at Tue Jul 21 18:16:41 UTC 2026
Cache sync 42 at Tue Jul 21 18:16:41 UTC 2026
Cache sync 43 at Tue Jul 21 18:16:41 UTC 2026
Cache sync 44 at Tue Jul 21 18:16:41 UTC 2026
Cache sync 45 at Tue Jul 21 18:16:41 UTC 2026
Cache sync 46 at Tue Jul 21 18:16:41 UTC 2026
Cache sync 47 at Tue Jul 21 18:16:41 UTC 2026
Cache sync 48 at Tue Jul 21 18:16:41 UTC 2026
Cache sync 49 at Tue Jul 21 18:16:41 UTC 2026
Cache sync 50 at Tue Jul 21 18:16:41 UTC 2026
Cache sync 51 at Tue Jul 21 18:16:41 UTC 2026
Cache sync 52 at Tue Jul 21 18:16:41 UTC 2026
Cache sync 1 at Wed Jul 22 18:08:41 UTC 2026
Cache sync 2 at Wed Jul 22 18:08:41 UTC 2026
Cache sync 3 at Wed Jul 22 18:08:41 UTC 2026
Cache sync 4 at Wed Jul 22 18:08:41 UTC 2026
Cache sync 5 at Wed Jul 22 18:08:41 UTC 2026
Cache sync 6 at Wed Jul 22 18:08:41 UTC 2026
Cache sync 7 at Wed Jul 22 18:08:41 UTC 2026
Cache sync 8 at Wed Jul 22 18:08:41 UTC 2026
Cache sync 9 at Wed Jul 22 18:08:41 UTC 2026
Cache sync 10 at Wed Jul 22 18:08:41 UTC 2026
Cache sync 11 at Wed Jul 22 18:08:41 UTC 2026
Cache sync 12 at Wed Jul 22 18:08:41 UTC 2026
Cache sync 13 at Wed Jul 22 18:08:41 UTC 2026
Cache sync 14 at Wed Jul 22 18:08:41 UTC 2026
Cache sync 15 at Wed Jul 22 18:08:41 UTC 2026
Cache sync 16 at Wed Jul 22 18:08:41 UTC 2026
Cache sync 17 at Wed Jul 22 18:08:41 UTC 2026
Cache sync 18 at Wed Jul 22 18:08:41 UTC 2026
Cache sync 19 at Wed Jul 22 18:08:41 UTC 2026
Cache sync 20 at Wed Jul 22 18:08:41 UTC 2026
Cache sync 21 at Wed Jul 22 18:08:41 UTC 2026
Cache sync 22 at Wed Jul 22 18:08:41 UTC 2026
Cache sync 23 at Wed Jul 22 18:08:41 UTC 2026
Cache sync 24 at Wed Jul 22 18:08:41 UTC 2026
Cache sync 25 at Wed Jul 22 18:08:41 UTC 2026
Cache sync 26 at Wed Jul 22 18:08:41 UTC 2026
Cache sync 27 at Wed Jul 22 18:08:41 UTC 2026
Cache sync 28 at Wed Jul 22 18:08:41 UTC 2026
Cache sync 29 at Wed Jul 22 18:08:41 UTC 2026
Cache sync 30 at Wed Jul 22 18:08:41 UTC 2026
Cache sync 31 at Wed Jul 22 18:08:41 UTC 2026
Cache sync 32 at Wed Jul 22 18:08:41 UTC 2026
Cache sync 33 at Wed Jul 22 18:08:41 UTC 2026
Cache sync 34 at Wed Jul 22 18:08:41 UTC 2026
Cache sync 35 at Wed Jul 22 18:08:41 UTC 2026
Cache sync 36 at Wed Jul 22 18:08:41 UTC 2026
Cache sync 37 at Wed Jul 22 18:08:41 UTC 2026
Cache sync 38 at Wed Jul 22 18:08:41 UTC 2026
Cache sync 39 at Wed Jul 22 18:08:41 UTC 2026
Cache sync 40 at Wed Jul 22 18:08:41 UTC 2026
Cache sync 41 at Wed Jul 22 18:08:41 UTC 2026
Cache sync 42 at Wed Jul 22 18:08:41 UTC 2026
Cache sync 43 at Wed Jul 22 18:08:41 UTC 2026
Cache sync 44 at Wed Jul 22 18:08:41 UTC 2026
Cache sync 45 at Wed Jul 22 18:08:41 UTC 2026
Cache sync 46 at Wed Jul 22 18:08:41 UTC 2026
Cache sync 47 at Wed Jul 22 18:08:41 UTC 2026
Cache sync 48 at Wed Jul 22 18:08:41 UTC 2026
Cache sync 49 at Wed Jul 22 18:08:41 UTC 2026
Cache sync 50 at Wed Jul 22 18:08:41 UTC 2026
Cache sync 51 at Wed Jul 22 18:08:42 UTC 2026
Cache sync 52 at Wed Jul 22 18:08:42 UTC 2026
Cache sync 53 at Wed Jul 22 18:08:42 UTC 2026
Cache sync 54 at Wed Jul 22 18:08:42 UTC 2026
Cache sync 55 at Wed Jul 22 18:08:42 UTC 2026
Cache sync 56 at Wed Jul 22 18:08:42 UTC 2026
Cache sync 57 at Wed Jul 22 18:08:42 UTC 2026
Cache sync 58 at Wed Jul 22 18:08:42 UTC 2026
Cache sync 59 at Wed Jul 22 18:08:42 UTC 2026
Cache sync 60 at Wed Jul 22 18:08:42 UTC 2026
Cache sync 61 at Wed Jul 22 18:08:42 UTC 2026
Cache sync 62 at Wed Jul 22 18:08:42 UTC 2026
Cache sync 63 at Wed Jul 22 18:08:42 UTC 2026
Cache sync 64 at Wed Jul 22 18:08:42 UTC 2026
Cache sync 65 at Wed Jul 22 18:08:42 UTC 2026
Cache sync 66 at Wed Jul 22 18:08:42 UTC 2026
Cache sync 67 at Wed Jul 22 18:08:42 UTC 2026
Cache sync 68 at Wed Jul 22 18:08:42 UTC 2026
Cache sync 69 at Wed Jul 22 18:08:42 UTC 2026
Cache sync 70 at Wed Jul 22 18:08:42 UTC 2026
Cache sync 1 at Thu Jul 23 18:14:17 UTC 2026
Cache sync 2 at Thu Jul 23 18:14:17 UTC 2026
Cache sync 3 at Thu Jul 23 18:14:17 UTC 2026
Cache sync 4 at Thu Jul 23 18:14:17 UTC 2026
Cache sync 5 at Thu Jul 23 18:14:17 UTC 2026
Cache sync 6 at Thu Jul 23 18:14:17 UTC 2026
Cache sync 7 at Thu Jul 23 18:14:17 UTC 2026
Cache sync 8 at Thu Jul 23 18:14:17 UTC 2026
Cache sync 9 at Thu Jul 23 18:14:17 UTC 2026
Cache sync 10 at Thu Jul 23 18:14:17 UTC 2026
Cache sync 11 at Thu Jul 23 18:14:17 UTC 2026
